c:\users\domin\documents\comp 354\assignment1\map\map\x64\debug\vc143.pdb
c:\users\domin\documents\comp 354\assignment1\map\map\x64\debug\vc143.idb
c:\users\domin\documents\comp 354\assignment1\map\map\x64\debug\commandprocessing.obj
c:\users\domin\documents\comp 354\assignment1\map\map\x64\debug\map.obj
c:\users\domin\documents\comp 354\assignment1\map\map\x64\debug\loggingobserver.obj
c:\users\domin\documents\comp 354\assignment1\map\map\x64\debug\gameengine.obj
c:\users\domin\documents\comp 354\assignment1\map\map\x64\debug\gameenginedriver.obj
c:\users\domin\documents\comp 354\assignment1\map\map\x64\debug\player.obj
c:\users\domin\documents\comp 354\assignment1\map\map\x64\debug\orders.obj
c:\users\domin\documents\comp 354\assignment1\map\map\x64\debug\cards.obj
c:\users\domin\documents\comp 354\assignment1\map\x64\debug\map.exe
c:\users\domin\documents\comp 354\assignment1\map\map\x64\debug\map.ilk
c:\users\domin\documents\comp 354\assignment1\map\x64\debug\map.pdb
c:\users\domin\documents\comp 354\assignment1\map\map\x64\debug\gameengine.obj.enc
c:\users\domin\documents\comp 354\assignment1\map\map\x64\debug\map.obj.enc
c:\users\domin\documents\comp 354\assignment1\map\map\x64\debug\map.tlog\cl.command.1.tlog
c:\users\domin\documents\comp 354\assignment1\map\map\x64\debug\map.tlog\cl.read.1.tlog
c:\users\domin\documents\comp 354\assignment1\map\map\x64\debug\map.tlog\cl.write.1.tlog
c:\users\domin\documents\comp 354\assignment1\map\map\x64\debug\map.tlog\link.command.1.tlog
c:\users\domin\documents\comp 354\assignment1\map\map\x64\debug\map.tlog\link.read.1.tlog
c:\users\domin\documents\comp 354\assignment1\map\map\x64\debug\map.tlog\link.write.1.tlog
